2024-10-29 18:33:09,938 [INFO] Activator:176 - 


2024-10-29 18:33:09,942 [INFO] Activator:177 - !SESSION log4j initialized
2024-10-29 18:33:13,079 [INFO] LogOutputStream:77 - [STDOUT_REDIRECT] 
2024-10-29 18:33:16,728 [INFO] ApplicationProperties:184 - Using Application install path: /home/douae/st/stm32cubeide_1.16.1/plugins/com.st.stm32cube.common.mx_6.12.1.202409122256
2024-10-29 18:33:16,767 [INFO] DbMcusXml:78 - Set database path to: /home/douae/st/stm32cubeide_1.16.1/plugins/com.st.stm32cube.common.mx_6.12.1.202409122256//db//mcu/
2024-10-29 18:33:16,768 [INFO] ApiDb:274 - Set plugin database path to: /home/douae/st/stm32cubeide_1.16.1/plugins/com.st.stm32cube.common.mx_6.12.1.202409122256//db//plugins/boardmanager/
2024-10-29 18:33:16,770 [WARN] ApiDb:259 - Overriding images path with different value:  => /home/douae/st/stm32cubeide_1.16.1/plugins/com.st.stm32cube.common.mx_6.12.1.202409122256//db//plugins/mcufinder/images/
2024-10-29 18:33:16,785 [INFO] ApiDb:250 - Set database path to: /home/douae/.stmcufinder/plugins/mcufinder//mcu/
2024-10-29 18:33:16,788 [INFO] DbMcusAds:125 - Set database path to: /home/douae/.stmcufinder/plugins/mcufinder//mcu/
2024-10-29 18:33:16,793 [INFO] CrossReferenceDbSqlite:203 - Set database path to: /home/douae/.stmcufinder/plugins/mcufinder//mcu/cs/
2024-10-29 18:33:17,046 [INFO] RulesReader:64 - Compatibility file has been processed (297 Rules)
2024-10-29 18:33:17,217 [INFO] DbMcusXml:78 - Set database path to: /home/douae/st/stm32cubeide_1.16.1/plugins/com.st.stm32cube.common.mx_6.12.1.202409122256//db//mcu/
2024-10-29 18:33:17,218 [INFO] ApiDb:274 - Set plugin database path to: /home/douae/st/stm32cubeide_1.16.1/plugins/com.st.stm32cube.common.mx_6.12.1.202409122256//db//plugins/boardmanager/
2024-10-29 18:33:17,218 [INFO] ApiDb:261 - Set plugin images path to: /home/douae/st/stm32cubeide_1.16.1/plugins/com.st.stm32cube.common.mx_6.12.1.202409122256//db//plugins/mcufinder/images/
2024-10-29 18:33:17,219 [WARN] DbFile:41 - Overriding database path with different value: /home/douae/.stmcufinder/plugins/mcufinder/ => /home/douae/.stmcufinder/plugins/mcufinder
2024-10-29 18:33:17,220 [INFO] ApiDb:250 - Set database path to: /home/douae/.stmcufinder/plugins/mcufinder//mcu/
2024-10-29 18:33:17,220 [WARN] DbFile:41 - Overriding database path with different value: /home/douae/.stmcufinder/plugins/mcufinder/ => /home/douae/.stmcufinder/plugins/mcufinder
2024-10-29 18:33:17,220 [INFO] DbMcusAds:125 - Set database path to: /home/douae/.stmcufinder/plugins/mcufinder//mcu/
2024-10-29 18:33:17,221 [WARN] DbFile:41 - Overriding database path with different value: /home/douae/.stmcufinder/plugins/mcufinder/ => /home/douae/.stmcufinder/plugins/mcufinder
2024-10-29 18:33:17,221 [WARN] DbFile:41 - Overriding database path with different value: /home/douae/.stmcufinder/plugins/mcufinder/ => /home/douae/.stmcufinder/plugins/mcufinder
2024-10-29 18:33:17,221 [INFO] CrossReferenceDbSqlite:203 - Set database path to: /home/douae/.stmcufinder/plugins/mcufinder//mcu/cs/
2024-10-29 18:33:17,364 [INFO] MainPanel:268 - HeapMemory: 268435456
2024-10-29 18:33:17,839 [INFO] DbMcusXml:78 - Set database path to: /home/douae/st/stm32cubeide_1.16.1/plugins/com.st.stm32cube.common.mx_6.12.1.202409122256//db//mcu/
2024-10-29 18:33:17,840 [INFO] ApiDb:274 - Set plugin database path to: /home/douae/st/stm32cubeide_1.16.1/plugins/com.st.stm32cube.common.mx_6.12.1.202409122256//db//plugins/boardmanager/
2024-10-29 18:33:17,840 [INFO] ApiDb:261 - Set plugin images path to: /home/douae/st/stm32cubeide_1.16.1/plugins/com.st.stm32cube.common.mx_6.12.1.202409122256//db//plugins/mcufinder/images/
2024-10-29 18:33:17,842 [WARN] DbFile:41 - Overriding database path with different value: /home/douae/.stmcufinder/plugins/mcufinder/ => /home/douae/.stmcufinder/plugins/mcufinder
2024-10-29 18:33:17,843 [INFO] ApiDb:250 - Set database path to: /home/douae/.stmcufinder/plugins/mcufinder//mcu/
2024-10-29 18:33:17,843 [WARN] DbFile:41 - Overriding database path with different value: /home/douae/.stmcufinder/plugins/mcufinder/ => /home/douae/.stmcufinder/plugins/mcufinder
2024-10-29 18:33:17,843 [INFO] DbMcusAds:125 - Set database path to: /home/douae/.stmcufinder/plugins/mcufinder//mcu/
2024-10-29 18:33:17,843 [WARN] DbFile:41 - Overriding database path with different value: /home/douae/.stmcufinder/plugins/mcufinder/ => /home/douae/.stmcufinder/plugins/mcufinder
2024-10-29 18:33:17,843 [WARN] DbFile:41 - Overriding database path with different value: /home/douae/.stmcufinder/plugins/mcufinder/ => /home/douae/.stmcufinder/plugins/mcufinder
2024-10-29 18:33:17,844 [INFO] CrossReferenceDbSqlite:203 - Set database path to: /home/douae/.stmcufinder/plugins/mcufinder//mcu/cs/
2024-10-29 18:33:17,887 [INFO] ApplicationProperties:184 - Using Application install path: /home/douae/st/stm32cubeide_1.16.1/plugins/com.st.stm32cube.common.mx_6.12.1.202409122256
2024-10-29 18:33:17,893 [INFO] PluginManage:196 - Search for loadable plugins [exclusion list=, ]
2024-10-29 18:33:17,898 [INFO] PluginManage:310 - Check plugin analytics
2024-10-29 18:33:18,363 [INFO] AnalyticsPlugin:253 - Accepted Software Licenses: 
2024-10-29 18:33:18,364 [INFO] AnalyticsPlugin:255 - Accepted CMSIS Pack Licenses: 
2024-10-29 18:33:18,365 [INFO] AnalyticsPlugin:257 - Accepted Firmware Licenses: 
2024-10-29 18:33:18,377 [INFO] PluginManage:359 - Loaded plugin analytics (category:tool,tabindex:-1)
2024-10-29 18:33:18,379 [INFO] PluginManage:310 - Check plugin cadmodel
2024-10-29 18:33:18,393 [INFO] CADModel:105 - Init CAD model plugin
2024-10-29 18:33:18,395 [INFO] PluginManage:359 - Loaded plugin cadmodel (category:power,tabindex:5)
2024-10-29 18:33:18,396 [INFO] PluginManage:310 - Check plugin clock
2024-10-29 18:33:18,430 [INFO] PluginManage:359 - Loaded plugin clock (category:base,tabindex:2)
2024-10-29 18:33:18,431 [INFO] PluginManage:310 - Check plugin ddr
2024-10-29 18:33:18,436 [INFO] PluginManage:359 - Loaded plugin ddr (category:tool,tabindex:6)
2024-10-29 18:33:18,437 [INFO] PluginManage:310 - Check plugin filemanager
2024-10-29 18:33:18,777 [INFO] PluginManage:359 - Loaded plugin filemanager (category:base,tabindex:10)
2024-10-29 18:33:18,778 [INFO] PluginManage:310 - Check plugin ipmanager
2024-10-29 18:33:18,793 [INFO] PluginManage:359 - Loaded plugin ipmanager (category:base,tabindex:5)
2024-10-29 18:33:18,794 [INFO] PluginManage:310 - Check plugin lpbam
2024-10-29 18:33:18,822 [INFO] PluginManage:359 - Loaded plugin lpbam (category:base,tabindex:0)
2024-10-29 18:33:18,823 [INFO] PluginManage:310 - Check plugin memorymap
2024-10-29 18:33:18,858 [INFO] PluginManage:359 - Loaded plugin memorymap (category:base,tabindex:4)
2024-10-29 18:33:18,859 [INFO] PluginManage:310 - Check plugin pinoutandconfiguration
2024-10-29 18:33:18,878 [INFO] PluginManage:359 - Loaded plugin pinoutandconfiguration (category:base,tabindex:1)
2024-10-29 18:33:18,879 [INFO] PluginManage:310 - Check plugin pinoutconfig
2024-10-29 18:33:19,084 [WARN] SupportedApi:132 - Cannot load RTOS API schema: s4s-elt-must-match.1: The content of 'definitions' must match (annotation?, (simpleType | complexType)?, (unique | key | keyref)*)). A problem was found starting at: attribute.
2024-10-29 18:33:19,318 [INFO] PluginManage:359 - Loaded plugin pinoutconfig (category:base,tabindex:0)
2024-10-29 18:33:19,318 [INFO] PluginManage:310 - Check plugin power
2024-10-29 18:33:19,330 [INFO] PluginManage:359 - Loaded plugin power (category:power,tabindex:4)
2024-10-29 18:33:19,331 [INFO] PluginManage:310 - Check plugin projectmanager
2024-10-29 18:33:19,358 [INFO] PluginManage:359 - Loaded plugin projectmanager (category:projectmanager,tabindex:4)
2024-10-29 18:33:19,358 [INFO] PluginManage:310 - Check plugin rif
2024-10-29 18:33:19,366 [INFO] PluginManage:359 - Loaded plugin rif (category:base,tabindex:3)
2024-10-29 18:33:19,366 [INFO] PluginManage:310 - Check plugin thirdparty
2024-10-29 18:33:19,553 [INFO] PluginManage:359 - Loaded plugin thirdparty (category:base,tabindex:-1)
2024-10-29 18:33:19,553 [WARN] IntegrityCheckThread:84 - waiting for thirdparty lock release [integrity check]
2024-10-29 18:33:19,553 [INFO] PluginManage:310 - Check plugin tools
2024-10-29 18:33:19,553 [INFO] IntegrityCheckThread:86 - entering critical section [integrity check]
2024-10-29 18:33:19,554 [INFO] ThirdPartyUpdaterWithRetryManager:70 - Updater plugin not ready yet. [1/15]
2024-10-29 18:33:19,556 [INFO] PluginManage:359 - Loaded plugin tools (category:base,tabindex:7)
2024-10-29 18:33:19,556 [INFO] PluginManage:310 - Check plugin tutovideos
2024-10-29 18:33:19,799 [INFO] PluginManage:359 - Loaded plugin tutovideos (category:base,tabindex:-1)
2024-10-29 18:33:19,799 [INFO] PluginManage:310 - Check plugin updater
2024-10-29 18:33:19,828 [INFO] PluginManage:359 - Loaded plugin updater (category:base,tabindex:12)
2024-10-29 18:33:19,828 [INFO] PluginManage:310 - Check plugin userauth
2024-10-29 18:33:19,836 [INFO] UserAuth:113 - Init User Auth plugin
2024-10-29 18:33:19,836 [INFO] PluginManage:359 - Loaded plugin userauth (category:base,tabindex:14)
2024-10-29 18:33:19,837 [INFO] PluginManage:283 - PluginManage : Loaded plugins [18]
2024-10-29 18:33:20,138 [INFO] PinOutPanel:1561 - setPackage(No Configuration,No Configuration)
2024-10-29 18:33:20,278 [INFO] CADModel:165 - CPN selected for project level
2024-10-29 18:33:20,278 [INFO] CADModel:114 - Register for checkConnection events
2024-10-29 18:33:20,306 [INFO] IPUIPlugin:80 - create IPUIPlugin
2024-10-29 18:33:20,307 [INFO] PluginManager:220 - loadIPPluginJar : add usbx
2024-10-29 18:33:20,319 [INFO] IPUIPlugin:80 - create IPUIPlugin
2024-10-29 18:33:20,320 [INFO] PluginManager:220 - loadIPPluginJar : add dma
2024-10-29 18:33:20,325 [INFO] IPUIPlugin:80 - create IPUIPlugin
2024-10-29 18:33:20,325 [INFO] PluginManager:220 - loadIPPluginJar : add i2c
2024-10-29 18:33:20,332 [INFO] IPUIPlugin:80 - create IPUIPlugin
2024-10-29 18:33:20,333 [INFO] PluginManager:220 - loadIPPluginJar : add touchsensing
2024-10-29 18:33:20,338 [INFO] IPUIPlugin:80 - create IPUIPlugin
2024-10-29 18:33:20,338 [INFO] PluginManager:220 - loadIPPluginJar : add dma3
2024-10-29 18:33:20,341 [INFO] IPUIPlugin:80 - create IPUIPlugin
2024-10-29 18:33:20,342 [INFO] PluginManager:220 - loadIPPluginJar : add genericplugin
2024-10-29 18:33:20,344 [INFO] IPUIPlugin:80 - create IPUIPlugin
2024-10-29 18:33:20,345 [INFO] PluginManager:220 - loadIPPluginJar : add ltdc
2024-10-29 18:33:20,357 [INFO] IPUIPlugin:80 - create IPUIPlugin
2024-10-29 18:33:20,358 [INFO] PluginManager:220 - loadIPPluginJar : add mdma
2024-10-29 18:33:20,365 [INFO] IPUIPlugin:80 - create IPUIPlugin
2024-10-29 18:33:20,366 [INFO] PluginManager:220 - loadIPPluginJar : add nvic
2024-10-29 18:33:20,371 [INFO] IPUIPlugin:80 - create IPUIPlugin
2024-10-29 18:33:20,372 [INFO] PluginManager:220 - loadIPPluginJar : add cryp
2024-10-29 18:33:20,381 [INFO] IPUIPlugin:80 - create IPUIPlugin
2024-10-29 18:33:20,382 [INFO] PluginManager:220 - loadIPPluginJar : add gic
2024-10-29 18:33:20,386 [INFO] IPUIPlugin:80 - create IPUIPlugin
2024-10-29 18:33:20,386 [INFO] PluginManager:220 - loadIPPluginJar : add aes
2024-10-29 18:33:20,394 [INFO] IPUIPlugin:80 - create IPUIPlugin
2024-10-29 18:33:20,395 [INFO] PluginManager:220 - loadIPPluginJar : add gpio
2024-10-29 18:33:20,398 [INFO] IPUIPlugin:80 - create IPUIPlugin
2024-10-29 18:33:20,398 [INFO] PluginManager:220 - loadIPPluginJar : add tsc
2024-10-29 18:33:20,408 [INFO] IPUIPlugin:80 - create IPUIPlugin
2024-10-29 18:33:20,408 [INFO] PluginManager:220 - loadIPPluginJar : add resmgrutility
2024-10-29 18:33:20,413 [INFO] IPUIPlugin:80 - create IPUIPlugin
2024-10-29 18:33:20,413 [INFO] PluginManager:220 - loadIPPluginJar : add ddr_ctrl_phy
2024-10-29 18:33:20,417 [INFO] IPUIPlugin:80 - create IPUIPlugin
2024-10-29 18:33:20,417 [INFO] PluginManager:220 - loadIPPluginJar : add gfxmmu
2024-10-29 18:33:20,421 [INFO] IPUIPlugin:80 - create IPUIPlugin
2024-10-29 18:33:20,421 [INFO] PluginManager:220 - loadIPPluginJar : add spi
2024-10-29 18:33:20,424 [INFO] IPUIPlugin:80 - create IPUIPlugin
2024-10-29 18:33:20,424 [INFO] PluginManager:220 - loadIPPluginJar : add quadspi
2024-10-29 18:33:20,434 [INFO] IPUIPlugin:80 - create IPUIPlugin
2024-10-29 18:33:20,440 [INFO] PluginManager:220 - loadIPPluginJar : add plateformsettings
2024-10-29 18:33:20,444 [INFO] IPUIPlugin:80 - create IPUIPlugin
2024-10-29 18:33:20,444 [INFO] PluginManager:220 - loadIPPluginJar : add ucpd
2024-10-29 18:33:20,448 [INFO] IPUIPlugin:80 - create IPUIPlugin
2024-10-29 18:33:20,448 [INFO] PluginManager:220 - loadIPPluginJar : add ts
2024-10-29 18:33:20,462 [INFO] IPUIPlugin:80 - create IPUIPlugin
2024-10-29 18:33:20,463 [INFO] PluginManager:220 - loadIPPluginJar : add linkedlist
2024-10-29 18:33:20,468 [INFO] IPUIPlugin:80 - create IPUIPlugin
2024-10-29 18:33:20,469 [INFO] PluginManager:220 - loadIPPluginJar : add opamp
2024-10-29 18:33:20,474 [INFO] IPUIPlugin:80 - create IPUIPlugin
2024-10-29 18:33:20,474 [INFO] PluginManager:220 - loadIPPluginJar : add can
2024-10-29 18:33:20,478 [INFO] IPUIPlugin:80 - create IPUIPlugin
2024-10-29 18:33:20,478 [INFO] PluginManager:220 - loadIPPluginJar : add hash
2024-10-29 18:33:20,488 [INFO] IPUIPlugin:80 - create IPUIPlugin
2024-10-29 18:33:20,488 [INFO] PluginManager:220 - loadIPPluginJar : add fmc
2024-10-29 18:33:20,493 [INFO] IPUIPlugin:80 - create IPUIPlugin
2024-10-29 18:33:20,494 [INFO] PluginManager:220 - loadIPPluginJar : add i3c
2024-10-29 18:33:20,499 [INFO] IPUIPlugin:80 - create IPUIPlugin
2024-10-29 18:33:20,499 [INFO] PluginManager:220 - loadIPPluginJar : add dfsdm
2024-10-29 18:33:20,504 [INFO] IPUIPlugin:80 - create IPUIPlugin
2024-10-29 18:33:20,504 [INFO] PluginManager:220 - loadIPPluginJar : add i2s
2024-10-29 18:33:20,510 [INFO] IPUIPlugin:80 - create IPUIPlugin
2024-10-29 18:33:20,510 [INFO] PluginManager:220 - loadIPPluginJar : add usart
2024-10-29 18:33:20,514 [INFO] IPUIPlugin:80 - create IPUIPlugin
2024-10-29 18:33:20,516 [INFO] PluginManager:220 - loadIPPluginJar : add radio
2024-10-29 18:33:20,522 [INFO] IPUIPlugin:80 - create IPUIPlugin
2024-10-29 18:33:20,523 [INFO] PluginManager:220 - loadIPPluginJar : add openamp
2024-10-29 18:33:20,526 [INFO] IPUIPlugin:80 - create IPUIPlugin
2024-10-29 18:33:20,526 [INFO] PluginManager:220 - loadIPPluginJar : add comp
2024-10-29 18:33:20,532 [INFO] IPUIPlugin:80 - create IPUIPlugin
2024-10-29 18:33:20,532 [INFO] PluginManager:220 - loadIPPluginJar : add gtzc
2024-10-29 18:33:20,543 [INFO] IPUIPlugin:80 - create IPUIPlugin
2024-10-29 18:33:20,544 [INFO] PluginManager:220 - loadIPPluginJar : add stm32_wpan
2024-10-29 18:33:20,547 [INFO] IPUIPlugin:80 - create IPUIPlugin
2024-10-29 18:33:20,548 [INFO] PluginManager:220 - loadIPPluginJar : add tim
2024-10-29 18:33:20,553 [INFO] IPUIPlugin:80 - create IPUIPlugin
2024-10-29 18:33:20,554 [INFO] PluginManager:220 - loadIPPluginJar : add pdm2pcm
2024-10-29 18:33:20,558 [INFO] IPUIPlugin:80 - create IPUIPlugin
2024-10-29 18:33:20,558 [INFO] PluginManager:220 - loadIPPluginJar : add tracer_emb
2024-10-29 18:33:20,569 [INFO] IPUIPlugin:80 - create IPUIPlugin
2024-10-29 18:33:20,570 [INFO] PluginManager:220 - loadIPPluginJar : add freertos
2024-10-29 18:33:20,575 [INFO] IPUIPlugin:80 - create IPUIPlugin
2024-10-29 18:33:20,575 [INFO] PluginManager:220 - loadIPPluginJar : add extmemmanager
2024-10-29 18:33:20,581 [INFO] IPUIPlugin:80 - create IPUIPlugin
2024-10-29 18:33:20,582 [INFO] PluginManager:220 - loadIPPluginJar : add ipddr
2024-10-29 18:33:20,593 [INFO] IPUIPlugin:80 - create IPUIPlugin
2024-10-29 18:33:20,594 [INFO] PluginManager:220 - loadIPPluginJar : add adc
2024-10-29 18:33:20,597 [INFO] IPUIPlugin:80 - create IPUIPlugin
2024-10-29 18:33:20,597 [INFO] PluginManager:220 - loadIPPluginJar : add fatfs
2024-10-29 18:33:20,602 [INFO] IPUIPlugin:80 - create IPUIPlugin
2024-10-29 18:33:20,602 [INFO] PluginManager:220 - loadIPPluginJar : add lorawan
2024-10-29 18:33:20,609 [INFO] IPUIPlugin:80 - create IPUIPlugin
2024-10-29 18:33:20,609 [INFO] PluginManager:220 - loadIPPluginJar : add sai
2024-10-29 18:33:20,744 [INFO] CADModel:165 - CPN selected for project level
2024-10-29 18:33:20,744 [INFO] CADModel:114 - Register for checkConnection events
2024-10-29 18:33:20,745 [FATAL] Updater:334 - Updater called before beeing initialized
2024-10-29 18:33:20,745 [ERROR] CADModel:125 - Updater not yet initialized, retry later 
2024-10-29 18:33:20,971 [INFO] CADModel:165 - CPN selected for project level
2024-10-29 18:33:20,971 [INFO] CADModel:114 - Register for checkConnection events
2024-10-29 18:33:20,971 [FATAL] Updater:334 - Updater called before beeing initialized
2024-10-29 18:33:20,971 [ERROR] CADModel:125 - Updater not yet initialized, retry later 
2024-10-29 18:33:20,979 [FATAL] Updater:334 - Updater called before beeing initialized
2024-10-29 18:33:21,146 [FATAL] Updater:334 - Updater called before beeing initialized
2024-10-29 18:33:21,155 [INFO] DbMcusAds:53 - JSON generation date=Fri Sep 20 15:04:23 CEST 2024 (1726837463113)
2024-10-29 18:33:21,155 [FATAL] Updater:334 - Updater called before beeing initialized
2024-10-29 18:33:21,212 [WARN] DetailPanel:346 - Failed to get advertising image, set to default
2024-10-29 18:33:21,362 [FATAL] Updater:334 - Updater called before beeing initialized
2024-10-29 18:33:21,365 [FATAL] Updater:334 - Updater called before beeing initialized
2024-10-29 18:33:21,365 [FATAL] Updater:334 - Updater called before beeing initialized
2024-10-29 18:33:21,365 [WARN] DetailPanel:346 - Failed to get advertising image, set to default
2024-10-29 18:33:21,367 [FATAL] Updater:334 - Updater called before beeing initialized
2024-10-29 18:33:21,439 [ERROR] Updater:1164 - MainUpdater not yet initialized. External WinMGr cannot be set.
2024-10-29 18:33:21,444 [INFO] Updater:1100 - Updater Version found : 6.12.1
2024-10-29 18:33:21,486 [INFO] ApplicationProperties:184 - Using Application install path: /home/douae/st/stm32cubeide_1.16.1/plugins/com.st.stm32cube.common.mx_6.12.1.202409122256
2024-10-29 18:33:22,203 [INFO] MainUpdater:2873 - connection check result : 10
2024-10-29 18:33:22,204 [INFO] MainUpdater:3567 - Updater definition file requires update
2024-10-29 18:33:22,206 [INFO] MainUpdater:290 - Updater Check For Update Now.
2024-10-29 18:33:22,207 [INFO] MicroXplorer:498 - Change Database Version : DB.6.0.121
2024-10-29 18:33:22,222 [INFO] McuFinderGlobals:63 - Set McuFinder mode to 2 (CubeIDE integrated)
2024-10-29 18:33:22,223 [INFO] UserAuth:179 - activating auth plugin
2024-10-29 18:33:22,231 [INFO] UserAuth:417 - Internet connection configuration mode: 1
2024-10-29 18:33:22,280 [INFO] JxBrowserEngine:152 - Initiate JxBrowser Engine with user profile folder
2024-10-29 18:33:22,283 [INFO] ServerAccessManage:473 - Download File updaters.zip
2024-10-29 18:33:22,490 [INFO] FileExtend:240 - Unzip File : updaters.zip
2024-10-29 18:33:22,491 [INFO] FileExtend:255 - Standard Zip Deflate
2024-10-29 18:33:22,556 [WARN] MainUpdater:1194 - Updater busy. Cannot search thirdparties
2024-10-29 18:33:22,557 [INFO] ThirdPartyUpdaterWithRetryManager:96 - Updater plugin is busy. [1/15]
2024-10-29 18:33:23,123 [INFO] ServerAccessManage:473 - Download File PacksControlFlags.xml
2024-10-29 18:33:23,223 [INFO] ServerAccessManage:473 - Download File cubemx.pidx
2024-10-29 18:33:23,406 [INFO] LoadServerUpdatesThread:375 - End of LoadServerUpdate Thread
2024-10-29 18:33:23,637 [INFO] CheckServerUpdateThread:120 - End of CheckServer Thread
2024-10-29 18:33:24,289 [INFO] WebApp:167 - Instantiating new browser for Auth
2024-10-29 18:33:25,760 [INFO] WebApp:448 - Apply proxy settings
2024-10-29 18:33:25,762 [INFO] WebApp:533 - Chromium requires no authentication
2024-10-29 18:33:25,783 [INFO] WebApp:476 - Direct internet connection detected
2024-10-29 18:33:25,827 [INFO] WebApp:869 - Register for checkConnection events
2024-10-29 18:33:25,828 [INFO] WebApp:448 - Apply proxy settings
2024-10-29 18:33:25,829 [INFO] WebApp:533 - Chromium requires no authentication
2024-10-29 18:33:25,831 [INFO] WebApp:476 - Direct internet connection detected
2024-10-29 18:33:25,845 [WARN] PackLoader:240 - Cannot read IP mode file for STMicroelectronics.FP-SNS-MOTENVWB1.1.4.0
2024-10-29 18:33:25,865 [WARN] PackLoader:240 - Cannot read IP mode file for STMicroelectronics.X-CUBE-SMBUS.2.1.0
2024-10-29 18:33:25,881 [WARN] PackLoader:240 - Cannot read IP mode file for STMicroelectronics.X-CUBE-WB05N.1.1.0
2024-10-29 18:33:25,938 [WARN] PackLoader:240 - Cannot read IP mode file for STMicroelectronics.X-CUBE-AZRTOS-F7.1.1.0
2024-10-29 18:33:26,112 [WARN] PackLoader:240 - Cannot read IP mode file for STMicroelectronics.X-CUBE-MEMS1.11.0.0
2024-10-29 18:33:26,186 [INFO] WebApp:186 - Connection restablished
2024-10-29 18:33:26,290 [INFO] WebApp:220 - Starting web application
2024-10-29 18:33:26,291 [INFO] WebApp:578 - Web application path used /home/douae/st/stm32cubeide_1.16.1/plugins/com.st.stm32cube.common.mx_6.12.1.202409122256/db/plugins/mcufinder/reactClient1/index.html
2024-10-29 18:33:26,542 [WARN] PackLoader:240 - Cannot read IP mode file for STMicroelectronics.FP-SNS-FLIGHT1.5.0.2
2024-10-29 18:33:26,561 [WARN] PackLoader:240 - Cannot read IP mode file for STMicroelectronics.X-CUBE-DISPLAY.3.0.0
2024-10-29 18:33:26,583 [WARN] PackLoader:240 - Cannot read IP mode file for STMicroelectronics.X-CUBE-BLE1.7.0.0
2024-10-29 18:33:26,601 [WARN] PackLoader:240 - Cannot read IP mode file for STMicroelectronics.X-CUBE-NFC10.1.0.0
2024-10-29 18:33:26,620 [WARN] PackLoader:240 - Cannot read IP mode file for emotas.I-CUBE-CANOPEN.1.3.0
2024-10-29 18:33:26,648 [WARN] PackLoader:240 - Cannot read IP mode file for STMicroelectronics.X-CUBE-BLEMGR.3.1.0
2024-10-29 18:33:26,671 [WARN] PackLoader:240 - Cannot read IP mode file for STMicroelectronics.FP-SNS-SMARTAG2.1.2.0
2024-10-29 18:33:26,704 [INFO] LogOutputStream:77 - [STDOUT_REDIRECT] 1 : Invalid condition id : UX_CORESTACK_Condition cause : null
2024-10-29 18:33:26,706 [INFO] LogOutputStream:77 - [STDOUT_REDIRECT] 1 : Invalid condition id : UX_CORESTACK_Condition cause : null
2024-10-29 18:33:26,709 [INFO] LogOutputStream:77 - [STDOUT_REDIRECT] 1 : Invalid condition id : UX_CORESTACK_Condition cause : null
2024-10-29 18:33:26,710 [INFO] LogOutputStream:77 - [STDOUT_REDIRECT] 1 : Invalid condition id : UX_CORESTACK_Condition cause : null
2024-10-29 18:33:26,713 [INFO] LogOutputStream:77 - [STDOUT_REDIRECT] 1 : Invalid condition id : UX_CORESTACK_Condition cause : null
2024-10-29 18:33:26,724 [WARN] PackLoader:240 - Cannot read IP mode file for STMicroelectronics.X-CUBE-AZRTOS-WL.2.0.0
2024-10-29 18:33:26,748 [WARN] PackLoader:240 - Cannot read IP mode file for STMicroelectronics.FP-SNS-MOTENV1.5.0.0
2024-10-29 18:33:26,768 [WARN] PackLoader:240 - Cannot read IP mode file for wolfSSL.I-CUBE-wolfMQTT.1.19.0
2024-10-29 18:33:26,787 [WARN] PackLoader:240 - Cannot read IP mode file for WES.I-CUBE-Cesium.1.3.0
2024-10-29 18:33:26,801 [WARN] PackLoader:240 - Cannot read IP mode file for STMicroelectronics.X-CUBE-BLE2.3.3.0
2024-10-29 18:33:26,819 [WARN] PackLoader:240 - Cannot read IP mode file for STMicroelectronics.X-CUBE-NFC9.1.0.0
2024-10-29 18:33:26,841 [WARN] PackLoader:240 - Cannot read IP mode file for STMicroelectronics.X-CUBE-TCPP.4.1.0
2024-10-29 18:33:26,906 [WARN] PackLoader:240 - Cannot read IP mode file for STMicroelectronics.X-CUBE-AZRTOS-G0.1.1.0
2024-10-29 18:33:26,930 [WARN] PackLoader:240 - Cannot read IP mode file for STMicroelectronics.X-CUBE-SAFEA1.1.2.2
2024-10-29 18:33:26,943 [WARN] PackLoader:240 - Cannot read IP mode file for STMicroelectronics.X-CUBE-NFC4.3.0.0
2024-10-29 18:33:26,961 [WARN] PackLoader:240 - Cannot read IP mode file for EmbeddedOffice.I-CUBE-FS-RTOS.1.0.1
2024-10-29 18:33:26,962 [ERROR] ConditionMgr:805 - Attr not supported : Dmpu
2024-10-29 18:33:26,963 [ERROR] ConditionMgr:805 - Attr not supported : Dmpu
2024-10-29 18:33:26,963 [ERROR] ConditionMgr:805 - Attr not supported : Dmpu
2024-10-29 18:33:26,963 [ERROR] ConditionMgr:805 - Attr not supported : Dmpu
2024-10-29 18:33:26,963 [ERROR] ConditionMgr:805 - Attr not supported : Dmpu
2024-10-29 18:33:26,963 [ERROR] ConditionMgr:805 - Attr not supported : Dmpu
2024-10-29 18:33:26,964 [ERROR] ConditionMgr:805 - Attr not supported : Dmpu
2024-10-29 18:33:26,964 [ERROR] ConditionMgr:805 - Attr not supported : Dmpu
2024-10-29 18:33:26,964 [ERROR] ConditionMgr:805 - Attr not supported : Dmpu
2024-10-29 18:33:26,964 [ERROR] ConditionMgr:805 - Attr not supported : Dmpu
2024-10-29 18:33:26,964 [ERROR] ConditionMgr:805 - Attr not supported : Dmpu
2024-10-29 18:33:26,965 [ERROR] ConditionMgr:805 - Attr not supported : Dmpu
2024-10-29 18:33:26,965 [ERROR] ConditionMgr:805 - Attr not supported : Dmpu
2024-10-29 18:33:26,966 [ERROR] ConditionMgr:805 - Attr not supported : Dmpu
2024-10-29 18:33:26,966 [ERROR] ConditionMgr:805 - Attr not supported : Dmpu
2024-10-29 18:33:26,966 [ERROR] ConditionMgr:805 - Attr not supported : Dmpu
2024-10-29 18:33:26,966 [ERROR] ConditionMgr:805 - Attr not supported : Dmpu
2024-10-29 18:33:26,966 [ERROR] ConditionMgr:805 - Attr not supported : Dmpu
2024-10-29 18:33:26,966 [ERROR] ConditionMgr:805 - Attr not supported : Dmpu
2024-10-29 18:33:26,966 [ERROR] ConditionMgr:805 - Attr not supported : Dmpu
2024-10-29 18:33:26,966 [ERROR] ConditionMgr:805 - Attr not supported : Dmpu
2024-10-29 18:33:26,966 [ERROR] ConditionMgr:805 - Attr not supported : Dmpu
2024-10-29 18:33:26,967 [ERROR] ConditionMgr:805 - Attr not supported : Dmpu
2024-10-29 18:33:26,967 [ERROR] ConditionMgr:805 - Attr not supported : Dmpu
2024-10-29 18:33:26,967 [ERROR] ConditionMgr:805 - Attr not supported : Dmpu
2024-10-29 18:33:26,967 [ERROR] ConditionMgr:805 - Attr not supported : Dmpu
2024-10-29 18:33:26,967 [ERROR] ConditionMgr:805 - Attr not supported : Dmpu
2024-10-29 18:33:26,967 [ERROR] ConditionMgr:805 - Attr not supported : Dmpu
2024-10-29 18:33:26,967 [ERROR] ConditionMgr:805 - Attr not supported : Dmpu
2024-10-29 18:33:26,967 [ERROR] ConditionMgr:805 - Attr not supported : Dmpu
2024-10-29 18:33:26,967 [ERROR] ConditionMgr:805 - Attr not supported : Dmpu
2024-10-29 18:33:26,968 [ERROR] ConditionMgr:805 - Attr not supported : Dmpu
2024-10-29 18:33:26,968 [ERROR] ConditionMgr:805 - Attr not supported : Dmpu
2024-10-29 18:33:26,968 [ERROR] ConditionMgr:805 - Attr not supported : Dmpu
2024-10-29 18:33:26,968 [ERROR] ConditionMgr:805 - Attr not supported : Dmpu
2024-10-29 18:33:26,968 [ERROR] ConditionMgr:805 - Attr not supported : Dmpu
2024-10-29 18:33:26,968 [ERROR] ConditionMgr:805 - Attr not supported : Dmpu
2024-10-29 18:33:26,968 [ERROR] ConditionMgr:805 - Attr not supported : Dmpu
2024-10-29 18:33:26,968 [ERROR] ConditionMgr:805 - Attr not supported : Dmpu
2024-10-29 18:33:26,969 [ERROR] ConditionMgr:805 - Attr not supported : Dmpu
2024-10-29 18:33:26,969 [ERROR] ConditionMgr:805 - Attr not supported : Dmpu
2024-10-29 18:33:26,969 [ERROR] ConditionMgr:805 - Attr not supported : Dmpu
2024-10-29 18:33:26,969 [ERROR] ConditionMgr:805 - Attr not supported : Dmpu
2024-10-29 18:33:26,969 [ERROR] ConditionMgr:805 - Attr not supported : Dmpu
2024-10-29 18:33:26,969 [ERROR] ConditionMgr:805 - Attr not supported : Dmpu
2024-10-29 18:33:26,969 [ERROR] ConditionMgr:805 - Attr not supported : Dmpu
2024-10-29 18:33:26,969 [ERROR] ConditionMgr:805 - Attr not supported : Dmpu
2024-10-29 18:33:26,969 [ERROR] ConditionMgr:805 - Attr not supported : Dmpu
2024-10-29 18:33:26,970 [ERROR] ConditionMgr:805 - Attr not supported : Dmpu
2024-10-29 18:33:26,970 [ERROR] ConditionMgr:805 - Attr not supported : Dmpu
2024-10-29 18:33:26,970 [ERROR] ConditionMgr:805 - Attr not supported : Dmpu
2024-10-29 18:33:26,970 [ERROR] ConditionMgr:805 - Attr not supported : Dmpu
2024-10-29 18:33:26,970 [ERROR] ConditionMgr:805 - Attr not supported : Dmpu
2024-10-29 18:33:26,970 [ERROR] ConditionMgr:805 - Attr not supported : Dmpu
2024-10-29 18:33:26,970 [ERROR] ConditionMgr:805 - Attr not supported : Dmpu
2024-10-29 18:33:26,970 [ERROR] ConditionMgr:805 - Attr not supported : Dmpu
2024-10-29 18:33:26,970 [ERROR] ConditionMgr:805 - Attr not supported : Dmpu
2024-10-29 18:33:26,971 [ERROR] ConditionMgr:805 - Attr not supported : Dmpu
2024-10-29 18:33:26,971 [ERROR] ConditionMgr:805 - Attr not supported : Dmpu
2024-10-29 18:33:26,971 [ERROR] ConditionMgr:805 - Attr not supported : Dmpu
2024-10-29 18:33:26,971 [ERROR] ConditionMgr:805 - Attr not supported : Dmpu
2024-10-29 18:33:26,971 [ERROR] ConditionMgr:805 - Attr not supported : Dmpu
2024-10-29 18:33:26,971 [ERROR] ConditionMgr:805 - Attr not supported : Dmpu
2024-10-29 18:33:26,971 [ERROR] ConditionMgr:805 - Attr not supported : Dmpu
2024-10-29 18:33:26,978 [WARN] PackLoader:240 - Cannot read IP mode file for RealThread.X-CUBE-RT-Thread_Nano.4.1.1
2024-10-29 18:33:26,986 [WARN] PackLoader:240 - Cannot read IP mode file for STMicroelectronics.FP-ATR-SIGFOX1.3.2.0
2024-10-29 18:33:26,992 [WARN] PackLoader:240 - Cannot read IP mode file for wolfSSL.I-CUBE-wolfSSL.5.7.2
2024-10-29 18:33:27,003 [WARN] PackLoader:240 - Cannot read IP mode file for STMicroelectronics.X-CUBE-EEPRMA1.5.1.0
2024-10-29 18:33:27,016 [WARN] PackLoader:240 - Cannot read IP mode file for ITTIA_DB.I-CUBE-ITTIADB.8.9.0
2024-10-29 18:33:27,096 [WARN] PackLoader:240 - Cannot read IP mode file for SEGGER.I-CUBE-embOS.1.3.1
2024-10-29 18:33:27,209 [WARN] PackLoader:240 - Cannot read IP mode file for STMicroelectronics.X-CUBE-ALGOBUILD.1.4.0
2024-10-29 18:33:27,220 [WARN] PackLoader:240 - Cannot read IP mode file for STMicroelectronics.X-CUBE-AI.9.1.0
2024-10-29 18:33:27,252 [WARN] PackLoader:240 - Cannot read IP mode file for STMicroelectronics.X-CUBE-AZRTOS-F4.1.1.0
2024-10-29 18:33:27,268 [WARN] PackLoader:240 - Cannot read IP mode file for STMicroelectronics.X-CUBE-ISPU.2.1.0
2024-10-29 18:33:27,278 [WARN] PackLoader:240 - Cannot read IP mode file for STMicroelectronics.X-CUBE-FREERTOS.1.2.0
2024-10-29 18:33:27,308 [WARN] PackLoader:240 - Cannot read IP mode file for STMicroelectronics.X-CUBE-AZRTOS-L5.2.0.0
2024-10-29 18:33:27,325 [WARN] PackLoader:240 - Cannot read IP mode file for STMicroelectronics.X-CUBE-NFC6.3.1.0
2024-10-29 18:33:27,337 [WARN] PackLoader:240 - Cannot read IP mode file for STMicroelectronics.X-CUBE-DPower.1.2.0
2024-10-29 18:33:27,344 [WARN] PackLoader:240 - Cannot read IP mode file for STMicroelectronics.X-CUBE-AI.9.0.0
2024-10-29 18:33:27,352 [WARN] PackLoader:240 - Cannot read IP mode file for STMicroelectronics.X-CUBE-NFC7.1.0.1
2024-10-29 18:33:27,384 [WARN] ConditionMgr:438 - getConditionDescription Invalid condition id : LAN8742 Phy interface Condition cause : null
2024-10-29 18:33:27,386 [WARN] PackLoader:240 - Cannot read IP mode file for STMicroelectronics.X-CUBE-AZRTOS-L4.2.0.0
2024-10-29 18:33:27,388 [WARN] ConditionMgr:1039 - genDependencies : Invalid condition id : LAN8742 Phy interface Condition cause : null
2024-10-29 18:33:27,389 [WARN] ConditionMgr:1039 - genDependencies : Invalid condition id : LAN8742 Phy interface Condition cause : null
2024-10-29 18:33:27,390 [WARN] ConditionMgr:1039 - genDependencies : Invalid condition id : LAN8742 Phy interface Condition cause : null
2024-10-29 18:33:27,404 [WARN] PackLoader:240 - Cannot read IP mode file for STMicroelectronics.X-CUBE-SFXS2LP1.4.0.0
2024-10-29 18:33:27,445 [WARN] PackLoader:240 - Cannot read IP mode file for STMicroelectronics.X-CUBE-AZRTOS-H7.3.3.0
2024-10-29 18:33:27,474 [WARN] PackLoader:240 - Cannot read IP mode file for STMicroelectronics.X-CUBE-IPS.3.0.0
2024-10-29 18:33:27,513 [WARN] ConditionMgr:438 - getConditionDescription Invalid condition id : UX DEVICE CLASS RTOS Condition cause : null
2024-10-29 18:33:27,514 [WARN] ConditionMgr:438 - getConditionDescription Invalid condition id : UX DEVICE CLASS RTOS Condition cause : null
2024-10-29 18:33:27,518 [WARN] PackLoader:240 - Cannot read IP mode file for STMicroelectronics.X-CUBE-AZRTOS-WB.2.0.0
2024-10-29 18:33:27,519 [WARN] ConditionMgr:1039 - genDependencies : Invalid condition id : UX DEVICE CLASS RTOS Condition cause : null
2024-10-29 18:33:27,520 [WARN] ConditionMgr:1039 - genDependencies : Invalid condition id : UX DEVICE CLASS RTOS Condition cause : null
2024-10-29 18:33:27,521 [WARN] ConditionMgr:1039 - genDependencies : Invalid condition id : UX DEVICE CLASS RTOS Condition cause : null
2024-10-29 18:33:27,522 [WARN] ConditionMgr:1039 - genDependencies : Invalid condition id : UX DEVICE CLASS RTOS Condition cause : null
2024-10-29 18:33:27,523 [WARN] ConditionMgr:1039 - genDependencies : Invalid condition id : UX DEVICE CLASS RTOS Condition cause : null
2024-10-29 18:33:27,536 [WARN] PackLoader:240 - Cannot read IP mode file for STMicroelectronics.X-CUBE-GNSS1.7.0.0
2024-10-29 18:33:27,553 [WARN] PackLoader:240 - Cannot read IP mode file for STMicroelectronics.FP-SNS-STBOX1.2.0.0
2024-10-29 18:33:27,577 [WARN] PackLoader:240 - Cannot read IP mode file for STMicroelectronics.X-CUBE-SUBG2.5.0.0
2024-10-29 18:33:27,594 [WARN] PackLoader:240 - Cannot read IP mode file for Cesanta.I-CUBE-Mongoose.7.13.0
2024-10-29 18:33:27,616 [WARN] PackLoader:240 - Cannot read IP mode file for STMicroelectronics.X-CUBE-AZRTOS-G4.2.0.0
2024-10-29 18:33:27,628 [WARN] PackLoader:240 - Cannot read IP mode file for STMicroelectronics.X-CUBE-ALS.1.0.2
2024-10-29 18:33:27,635 [WARN] PackLoader:240 - Cannot read IP mode file for STMicroelectronics.X-CUBE-TOUCHGFX.4.24.0
2024-10-29 18:33:27,640 [WARN] PackLoader:240 - Cannot read IP mode file for STMicroelectronics.X-CUBE-TOUCHGFX.4.24.1
2024-10-29 18:33:27,644 [WARN] PackLoader:240 - Cannot read IP mode file for wolfSSL.I-CUBE-wolfTPM.3.4.0
2024-10-29 18:33:27,651 [WARN] PackLoader:240 - Cannot read IP mode file for portGmbH.I-Cube-SoM-uGOAL.1.1.0
2024-10-29 18:33:27,675 [WARN] PackLoader:240 - Cannot read IP mode file for STMicroelectronics.X-CUBE-AZRTOS-H7RS.1.0.0
2024-10-29 18:33:27,686 [WARN] PackLoader:240 - Cannot read IP mode file for STMicroelectronics.FP-ATR-ASTRA1.2.0.0
2024-10-29 18:33:27,700 [WARN] PackLoader:240 - Cannot read IP mode file for STMicroelectronics.X-CUBE-TOF1.3.4.2
2024-10-29 18:33:27,745 [WARN] PackLoader:240 - Cannot read IP mode file for Infineon.AIROC-Wi-Fi-Bluetooth-STM32.1.6.1
2024-10-29 18:33:27,754 [WARN] PackLoader:240 - Cannot read IP mode file for wolfSSL.I-CUBE-wolfSSH.1.4.17
2024-10-29 18:33:27,755 [INFO] ThirdParty:978 - Integrity check success = true
2024-10-29 18:33:27,755 [INFO] IntegrityCheckThread:100 - exiting critical section [integrity check]
2024-10-29 18:33:27,755 [INFO] IntegrityCheckThread:103 - End integrity checks thread
2024-10-29 18:35:36,860 [ERROR] LogOutputStream:75 - [STDERR_REDIRECT] 
